2025-02-04 21:47:00 | WARN | repo=system-int | action=commit
2025-12-05 09:22:00 | WARN | repo=system-int | action=commit
2025-04-24 15:06:00 | WARN | repo=system-int | action=edit | files=3
2025-03-01 19:09:00 | INFO | repo=system-int | action=edit | files=3
2025-10-21 11:45:00 | DEBUG | repo=system-int | action=test | passed=true
2025-08-11 19:43:00 | INFO | repo=system-int | action=edit | files=5
2025-05-17 07:45:00 | DEBUG | repo=system-int | action=test | passed=true
2025-04-28 08:45:00 | INFO | repo=system-int | action=commit
2025-09-06 07:02:00 | DEBUG | repo=system-int | action=pull
2025-04-05 10:11:00 | INFO | repo=system-int | action=pull
2025-05-18 18:20:00 | WARN | repo=system-int | action=pull
2025-11-24 18:13:00 | WARN | repo=system-int | action=commit
2025-08-26 09:43:00 | DEBUG | repo=system-int | action=commit
2025-08-23 13:22:00 | INFO | repo=system-int | action=edit | files=5
2025-02-26 14:28:00 | INFO | repo=system-int | action=commit
2025-10-11 09:22:00 | DEBUG | repo=system-int | action=commit
2025-07-06 19:09:00 | INFO | repo=system-int | action=commit
2025-01-02 21:51:00 | INFO | repo=system-int | action=commit
2025-11-01 18:56:00 | WARN | repo=system-int | action=commit
2025-06-16 12:48:00 | DEBUG | repo=system-int | action=pull
2025-07-20 07:27:00 | DEBUG | repo=system-int | action=commit
2025-11-25 17:54:00 | INFO | repo=system-int | action=commit
2025-12-06 16:26:00 | WARN | repo=system-int | action=commit
2025-09-03 08:29:00 | INFO | repo=system-int | action=test | passed=true
2025-02-07 15:31:00 | WARN | repo=system-int | action=commit
